0 info it worked if it ends with ok
1 verbose cli [ 'C:\\Program Files\\nodejs\\node.exe',
1 verbose cli   'C:\\Program Files\\nodejs\\node_modules\\npm\\bin\\npm-cli.js',
1 verbose cli   'run',
1 verbose cli   'build' ]
2 info using npm@3.10.8
3 info using node@v7.0.0
4 verbose run-script [ 'prebuild', 'build', 'postbuild' ]
5 info lifecycle astar-planning@1.0.0~prebuild: astar-planning@1.0.0
6 verbose lifecycle astar-planning@1.0.0~prebuild: unsafe-perm in lifecycle true
7 verbose lifecycle astar-planning@1.0.0~prebuild: PATH: C:\Users\Jerem\AppData\Roaming\nvm\v7.0.0\node_modules\npm\bin\node-gyp-bin;C:\Users\Jerem\Documents\webdev\astar-planning\node_modules\.bin;C:\Users\Jerem\bin;C:\Program Files\Git\mingw64\bin;C:\Program Files\Git\usr\local\bin;C:\Program Files\Git\usr\bin;C:\Program Files\Git\usr\bin;C:\Program Files\Git\cmd;C:\Software\cmder\vendor\conemu-maximus5\ConEmu\Scripts;C:\Software\cmder\vendor\conemu-maximus5;C:\Software\cmder\vendor\conemu-maximus5\ConEmu;C:\ProgramData\Oracle\Java\javapath;C:\Program Files (x86)\Razer Chroma SDK\bin;C:\Program Files\Razer Chroma SDK\bin;C:\Windows\system32;C:\Windows;C:\Windows\System32\Wbem;C:\Windows\System32\WindowsPowerShell\v1.0;C:\Program Files (x86)\NVIDIA Corporation\PhysX\Common;C:\Users\Administrator\AppData\Local\Microsoft\WindowsApps;C:\Program Files\Git\cmd;C:\Users\Jerem\AppData\Roaming\nvm;C:\Program Files\nodejs;C:\Program Files\MATLAB\R2016b\runtime\win64;C:\Program Files\MATLAB\R2016b\bin;C:\Users\Jerem\AppData\Local\Microsoft\WindowsApps;C:\Program Files (x86)\Microsoft VS Code\bin;C:\Users\Jerem\AppData\Roaming\nvm;C:\Program Files\nodejs;C:\Program Files\Git\usr\bin\vendor_perl;C:\Program Files\Git\usr\bin\core_perl
8 verbose lifecycle astar-planning@1.0.0~prebuild: CWD: C:\Users\Jerem\Documents\webdev\astar-planning
9 silly lifecycle astar-planning@1.0.0~prebuild: Args: [ '/d /s /c', 'npm run clean' ]
10 silly lifecycle astar-planning@1.0.0~prebuild: Returned: code: 0  signal: null
11 info lifecycle astar-planning@1.0.0~build: astar-planning@1.0.0
12 verbose lifecycle astar-planning@1.0.0~build: unsafe-perm in lifecycle true
13 verbose lifecycle astar-planning@1.0.0~build: PATH: C:\Users\Jerem\AppData\Roaming\nvm\v7.0.0\node_modules\npm\bin\node-gyp-bin;C:\Users\Jerem\Documents\webdev\astar-planning\node_modules\.bin;C:\Users\Jerem\bin;C:\Program Files\Git\mingw64\bin;C:\Program Files\Git\usr\local\bin;C:\Program Files\Git\usr\bin;C:\Program Files\Git\usr\bin;C:\Program Files\Git\cmd;C:\Software\cmder\vendor\conemu-maximus5\ConEmu\Scripts;C:\Software\cmder\vendor\conemu-maximus5;C:\Software\cmder\vendor\conemu-maximus5\ConEmu;C:\ProgramData\Oracle\Java\javapath;C:\Program Files (x86)\Razer Chroma SDK\bin;C:\Program Files\Razer Chroma SDK\bin;C:\Windows\system32;C:\Windows;C:\Windows\System32\Wbem;C:\Windows\System32\WindowsPowerShell\v1.0;C:\Program Files (x86)\NVIDIA Corporation\PhysX\Common;C:\Users\Administrator\AppData\Local\Microsoft\WindowsApps;C:\Program Files\Git\cmd;C:\Users\Jerem\AppData\Roaming\nvm;C:\Program Files\nodejs;C:\Program Files\MATLAB\R2016b\runtime\win64;C:\Program Files\MATLAB\R2016b\bin;C:\Users\Jerem\AppData\Local\Microsoft\WindowsApps;C:\Program Files (x86)\Microsoft VS Code\bin;C:\Users\Jerem\AppData\Roaming\nvm;C:\Program Files\nodejs;C:\Program Files\Git\usr\bin\vendor_perl;C:\Program Files\Git\usr\bin\core_perl
14 verbose lifecycle astar-planning@1.0.0~build: CWD: C:\Users\Jerem\Documents\webdev\astar-planning
15 silly lifecycle astar-planning@1.0.0~build: Args: [ '/d /s /c', 'run-p build:*' ]
16 silly lifecycle astar-planning@1.0.0~build: Returned: code: 1  signal: null
17 info lifecycle astar-planning@1.0.0~build: Failed to exec build script
18 verbose stack Error: astar-planning@1.0.0 build: `run-p build:*`
18 verbose stack Exit status 1
18 verbose stack     at EventEmitter.<anonymous> (C:\Users\Jerem\AppData\Roaming\nvm\v7.0.0\node_modules\npm\lib\utils\lifecycle.js:255:16)
18 verbose stack     at emitTwo (events.js:106:13)
18 verbose stack     at EventEmitter.emit (events.js:191:7)
18 verbose stack     at ChildProcess.<anonymous> (C:\Users\Jerem\AppData\Roaming\nvm\v7.0.0\node_modules\npm\lib\utils\spawn.js:40:14)
18 verbose stack     at emitTwo (events.js:106:13)
18 verbose stack     at ChildProcess.emit (events.js:191:7)
18 verbose stack     at maybeClose (internal/child_process.js:877:16)
18 verbose stack     at Process.ChildProcess._handle.onexit (internal/child_process.js:226:5)
19 verbose pkgid astar-planning@1.0.0
20 verbose cwd C:\Users\Jerem\Documents\webdev\astar-planning
21 error Windows_NT 10.0.14393
22 error argv "C:\\Program Files\\nodejs\\node.exe" "C:\\Program Files\\nodejs\\node_modules\\npm\\bin\\npm-cli.js" "run" "build"
23 error node v7.0.0
24 error npm  v3.10.8
25 error code ELIFECYCLE
26 error astar-planning@1.0.0 build: `run-p build:*`
26 error Exit status 1
27 error Failed at the astar-planning@1.0.0 build script 'run-p build:*'.
27 error Make sure you have the latest version of node.js and npm installed.
27 error If you do, this is most likely a problem with the astar-planning package,
27 error not with npm itself.
27 error Tell the author that this fails on your system:
27 error     run-p build:*
27 error You can get information on how to open an issue for this project with:
27 error     npm bugs astar-planning
27 error Or if that isn't available, you can get their info via:
27 error     npm owner ls astar-planning
27 error There is likely additional logging output above.
28 verbose exit [ 1, true ]
